<?xml version="1.0" encoding="UTF-8"?>
<!-- Generated by org.testng.reporters.JUnitXMLReporter -->
<testsuite hostname="computer-PC" ignored="0" name="Default test" tests="3" failures="0" timestamp="11 Jun 2020 15:59:06 GMT" time="0.069" errors="0">
  <testcase name="celebs_News" time="0.006" classname="com.bet.test.Sampletest"/>
  <testcase name="celebs" time="0.003" classname="com.bet.test.Sampletest"/>
  <testcase name="celebstrity" time="0.006" classname="com.bet.test.Sampletest"/>
</testsuite> <!-- Default test -->
