<?xml version="1.0" encoding="UTF-8"?>
<!-- Generated by org.testng.reporters.JUnitXMLReporter -->
<testsuite hostname="computer-PC" name="BET functionality test" tests="60" failures="0" timestamp="28 May 2020 09:44:52 GMT" time="910.243" errors="0">
  <testcase name="homePage" time="1.666" classname="com.bet.test.HomepageTest"/>
  <testcase name="home_Shows" time="0.388" classname="com.bet.test.HomepageTest"/>
  <testcase name="home_Music" time="1.304" classname="com.bet.test.HomepageTest"/>
  <testcase name="home_Videos" time="1.317" classname="com.bet.test.HomepageTest"/>
  <testcase name="home_News" time="1.13" classname="com.bet.test.HomepageTest"/>
  <testcase name="home_Celebs" time="0.719" classname="com.bet.test.HomepageTest"/>
  <testcase name="home_Style" time="0.785" classname="com.bet.test.HomepageTest"/>
  <testcase name="home_BetPlus" time="5.126" classname="com.bet.test.HomepageTest"/>
  <testcase name="home_LiveTV" time="0.992" classname="com.bet.test.HomepageTest"/>
  <testcase name="shows_Preview" time="2.047" classname="com.bet.test.HomepageSectionPreviewTest"/>
  <testcase name="Music_Preview" time="2.043" classname="com.bet.test.HomepageSectionPreviewTest"/>
  <testcase name="Videos_Preview" time="2.041" classname="com.bet.test.HomepageSectionPreviewTest"/>
  <testcase name="News_Preview" time="2.068" classname="com.bet.test.HomepageSectionPreviewTest"/>
  <testcase name="Celebs_Preview" time="2.044" classname="com.bet.test.HomepageSectionPreviewTest"/>
  <testcase name="Style_Preview" time="2.053" classname="com.bet.test.HomepageSectionPreviewTest"/>
  <testcase name="BetPlus_Preview" time="2.046" classname="com.bet.test.HomepageSectionPreviewTest"/>
  <testcase name="shows_SOS" time="0.846" classname="com.bet.test.ShowsTest"/>
  <testcase name="shows_TylerPerry" time="1.012" classname="com.bet.test.ShowsTest"/>
  <testcase name="shows_AmericanSoul" time="0.975" classname="com.bet.test.ShowsTest"/>
  <testcase name="shows_BetAwards" time="0.784" classname="com.bet.test.ShowsTest"/>
  <testcase name="shows_FullEpisodes" time="1.012" classname="com.bet.test.ShowsTest"/>
  <testcase name="shows_TvSchedule" time="1.449" classname="com.bet.test.ShowsTest"/>
  <testcase name="shows_AllShows" time="0.848" classname="com.bet.test.ShowsTest"/>
  <testcase name="music_Amplified" time="1.081" classname="com.bet.test.MusicTest"/>
  <testcase name="music_RateTheBars" time="1.225" classname="com.bet.test.MusicTest"/>
  <testcase name="music_MusicNews" time="0.923" classname="com.bet.test.MusicTest"/>
  <testcase name="music_106PARKMICCHECK" time="0.784" classname="com.bet.test.MusicTest"/>
  <testcase name="music_AllMusic" time="1.394" classname="com.bet.test.MusicTest"/>
  <testcase name="videos_BetBuzz" time="0.784" classname="com.bet.test.VideosTest"/>
  <testcase name="videos_106PARKMICCHECK" time="0.965" classname="com.bet.test.VideosTest"/>
  <testcase name="music_videos_TheGlamGapSeries" time="1.22" classname="com.bet.test.VideosTest"/>
  <testcase name="videos_AllVideos" time="0.88" classname="com.bet.test.VideosTest"/>
  <testcase name="news_ReclaimYourVote" time="0.78" classname="com.bet.test.NewsTest"/>
  <testcase name="news_Videos" time="2.641" classname="com.bet.test.NewsTest"/>
  <testcase name="news_Coronavirus" time="2.328" classname="com.bet.test.NewsTest"/>
  <testcase name="news_National" time="1.792" classname="com.bet.test.NewsTest"/>
  <testcase name="news_Sports" time="1.31" classname="com.bet.test.NewsTest"/>
  <testcase name="news_ExclusiveInterviews" time="1.499" classname="com.bet.test.NewsTest"/>
  <testcase name="news_AllNews" time="0.914" classname="com.bet.test.NewsTest"/>
  <testcase name="celebs_News" time="0.912" classname="com.bet.test.CelebsTest"/>
  <testcase name="celebs_Movies" time="0.633" classname="com.bet.test.CelebsTest"/>
  <testcase name="celebs_TvShows" time="0.689" classname="com.bet.test.CelebsTest"/>
  <testcase name="celebs_Exclusives" time="0.93" classname="com.bet.test.CelebsTest"/>
  <testcase name="celebs_AllCelebs" time="1.43" classname="com.bet.test.CelebsTest"/>
  <testcase name="style_Videos" time="0.978" classname="com.bet.test.StyleTest"/>
  <testcase name="style_Fashion" time="0.549" classname="com.bet.test.StyleTest"/>
  <testcase name="style_Beauty" time="0.62" classname="com.bet.test.StyleTest"/>
  <testcase name="style_Lifestyle" time="1.022" classname="com.bet.test.StyleTest"/>
  <testcase name="style_TheGlamGapSeries" time="0.836" classname="com.bet.test.StyleTest"/>
  <testcase name="style_ExclusiveInterviews" time="0.82" classname="com.bet.test.StyleTest"/>
  <testcase name="celebs_style_AllStyle" time="0.717" classname="com.bet.test.StyleTest"/>
  <testcase name="StreamExclusiveOriginals" time="4.551" classname="com.bet.test.BetPlusTest"/>
  <testcase name="bet_GotoBetPlusButton" time="4.736" classname="com.bet.test.BetPlusTest"/>
  <testcase name="searchPageDisplay" time="3.842" classname="com.bet.test.SearchBarTest"/>
  <testcase name="searchResultDisplay" time="9.41" classname="com.bet.test.SearchBarTest"/>
  <testcase name="invalidInputTest" time="3.958" classname="com.bet.test.SearchBarTest"/>
  <testcase name="emptyStringTest" time="3.913" classname="com.bet.test.SearchBarTest"/>
  <testcase name="searchUsingEnterKeyTest" time="5.75" classname="com.bet.test.SearchBarTest"/>
  <testcase name="searchUsingSuggestion" time="3.783" classname="com.bet.test.SearchBarTest"/>
  <testcase name="covid19ReliefFund" time="25.634" classname="com.bet.test.Covid19ReliefFundTest"/>
</testsuite> <!-- BET functionality test -->
