<?xml version="1.0" encoding="UTF-8"?>
<!-- Generated by org.testng.reporters.JUnitXMLReporter -->
<testsuite hostname="Akash-PC" ignored="8" name="Test1" tests="1" failures="1" timestamp="29 Aug 2020 17:59:24 GMT" time="22.529" errors="0">
  <testcase name="home_Music" time="4.945" classname="com.bet.test.HomepageTest">
    <failure type="java.lang.AssertionError" message="expected [Music | Latest News &amp;amp; Updates | BET] but found [Music | Latest News &amp;amp; Updates | BETA]">
      <![CDATA[java.lang.AssertionError: expected [Music | Latest News & Updates | BET] but found [Music | Latest News & Updates | BETA]
	at com.bet.test.HomepageTest.home_Music(HomepageTest.java:102)
... Removed 31 stack frames]]>
    </failure>
  </testcase> <!-- home_Music -->
  <testcase name="home_Shows" time="0.0" classname="com.bet.test.HomepageTest">
    <ignored/>
  </testcase> <!-- home_Shows -->
  <testcase name="home_LiveTV" time="0.0" classname="com.bet.test.HomepageTest">
    <ignored/>
  </testcase> <!-- home_LiveTV -->
  <testcase name="home_Style" time="0.0" classname="com.bet.test.HomepageTest">
    <ignored/>
  </testcase> <!-- home_Style -->
  <testcase name="home_Videos" time="0.0" classname="com.bet.test.HomepageTest">
    <ignored/>
  </testcase> <!-- home_Videos -->
  <testcase name="homePage" time="0.0" classname="com.bet.test.HomepageTest">
    <ignored/>
  </testcase> <!-- homePage -->
  <testcase name="home_Celebs" time="0.0" classname="com.bet.test.HomepageTest">
    <ignored/>
  </testcase> <!-- home_Celebs -->
  <testcase name="home_BetPlus" time="0.0" classname="com.bet.test.HomepageTest">
    <ignored/>
  </testcase> <!-- home_BetPlus -->
  <testcase name="home_News" time="0.0" classname="com.bet.test.HomepageTest">
    <ignored/>
  </testcase> <!-- home_News -->
</testsuite> <!-- Test1 -->
