<?xml version="1.0" encoding="UTF-8"?>
<!-- Generated by org.testng.reporters.JUnitXMLReporter -->
<testsuite hostname="computer-PC" ignored="3" name="Test5" tests="1" failures="0" timestamp="11 Jun 2020 17:36:14 GMT" time="16.801" errors="0">
  <testcase name="videos_BetBuzz" time="1.742" classname="com.bet.test.VideosTest"/>
  <testcase name="videos_106PARKMICCHECK" time="0.0" classname="com.bet.test.VideosTest">
    <ignored/>
  </testcase> <!-- videos_106PARKMICCHECK -->
  <testcase name="videos_AllVideos" time="0.0" classname="com.bet.test.VideosTest">
    <ignored/>
  </testcase> <!-- videos_AllVideos -->
  <testcase name="music_videos_TheGlamGapSeries" time="0.0" classname="com.bet.test.VideosTest">
    <ignored/>
  </testcase> <!-- music_videos_TheGlamGapSeries -->
</testsuite> <!-- Test5 -->
