<?xml version="1.0" encoding="UTF-8"?>
<!-- Generated by org.testng.reporters.JUnitXMLReporter -->
<testsuite hostname="computer-PC" ignored="6" name="Test8" tests="1" failures="0" timestamp="11 Jun 2020 17:30:09 GMT" time="13.409" errors="0">
  <testcase name="style_Videos" time="1.949" classname="com.bet.test.StyleTest"/>
  <testcase name="style_Lifestyle" time="0.0" classname="com.bet.test.StyleTest">
    <ignored/>
  </testcase> <!-- style_Lifestyle -->
  <testcase name="style_ExclusiveInterviews" time="0.0" classname="com.bet.test.StyleTest">
    <ignored/>
  </testcase> <!-- style_ExclusiveInterviews -->
  <testcase name="style_Fashion" time="0.0" classname="com.bet.test.StyleTest">
    <ignored/>
  </testcase> <!-- style_Fashion -->
  <testcase name="style_TheGlamGapSeries" time="0.0" classname="com.bet.test.StyleTest">
    <ignored/>
  </testcase> <!-- style_TheGlamGapSeries -->
  <testcase name="style_Beauty" time="0.0" classname="com.bet.test.StyleTest">
    <ignored/>
  </testcase> <!-- style_Beauty -->
  <testcase name="celebs_style_AllStyle" time="0.0" classname="com.bet.test.StyleTest">
    <ignored/>
  </testcase> <!-- celebs_style_AllStyle -->
</testsuite> <!-- Test8 -->
