<?xml version="1.0" encoding="UTF-8"?>
<!-- Generated by org.testng.reporters.JUnitXMLReporter -->
<testsuite hostname="computer-PC" ignored="6" name="Test3" tests="1" failures="0" timestamp="11 Jun 2020 17:28:41 GMT" time="23.432" errors="0">
  <testcase name="shows_BetAwards" time="2.288" classname="com.bet.test.ShowsTest"/>
  <testcase name="shows_AmericanSoul" time="0.0" classname="com.bet.test.ShowsTest">
    <ignored/>
  </testcase> <!-- shows_AmericanSoul -->
  <testcase name="shows_FullEpisodes" time="0.0" classname="com.bet.test.ShowsTest">
    <ignored/>
  </testcase> <!-- shows_FullEpisodes -->
  <testcase name="shows_TvSchedule" time="0.0" classname="com.bet.test.ShowsTest">
    <ignored/>
  </testcase> <!-- shows_TvSchedule -->
  <testcase name="shows_QueenCollective" time="0.0" classname="com.bet.test.ShowsTest">
    <ignored/>
  </testcase> <!-- shows_QueenCollective -->
  <testcase name="shows_AllShows" time="0.0" classname="com.bet.test.ShowsTest">
    <ignored/>
  </testcase> <!-- shows_AllShows -->
  <testcase name="shows_TheOval" time="0.0" classname="com.bet.test.ShowsTest">
    <ignored/>
  </testcase> <!-- shows_TheOval -->
</testsuite> <!-- Test3 -->
