<?xml version="1.0" encoding="UTF-8"?>
<!-- Generated by org.testng.reporters.JUnitXMLReporter -->
<testsuite hostname="computer-PC" ignored="1" name="Test9" tests="1" failures="0" timestamp="11 Jun 2020 17:30:34 GMT" time="25.051" errors="0">
  <testcase name="StreamExclusiveOriginals" time="13.091" classname="com.bet.test.BetPlusTest"/>
  <testcase name="bet_GotoBetPlusButton" time="0.0" classname="com.bet.test.BetPlusTest">
    <ignored/>
  </testcase> <!-- bet_GotoBetPlusButton -->
</testsuite> <!-- Test9 -->
