<?xml version="1.0" encoding="UTF-8"?>
<!-- Generated by org.testng.reporters.JUnitXMLReporter -->
<testsuite hostname="computer-PC" ignored="6" name="Test6" tests="1" failures="0" timestamp="11 Jun 2020 17:29:36 GMT" time="16.107" errors="0">
  <testcase name="news_ReclaimYourVote" time="1.894" classname="com.bet.test.NewsTest"/>
  <testcase name="news_National" time="0.0" classname="com.bet.test.NewsTest">
    <ignored/>
  </testcase> <!-- news_National -->
  <testcase name="news_ExclusiveInterviews" time="0.0" classname="com.bet.test.NewsTest">
    <ignored/>
  </testcase> <!-- news_ExclusiveInterviews -->
  <testcase name="news_Coronavirus" time="0.0" classname="com.bet.test.NewsTest">
    <ignored/>
  </testcase> <!-- news_Coronavirus -->
  <testcase name="news_AllNews" time="0.0" classname="com.bet.test.NewsTest">
    <ignored/>
  </testcase> <!-- news_AllNews -->
  <testcase name="news_Videos" time="0.0" classname="com.bet.test.NewsTest">
    <ignored/>
  </testcase> <!-- news_Videos -->
  <testcase name="news_Sports" time="0.0" classname="com.bet.test.NewsTest">
    <ignored/>
  </testcase> <!-- news_Sports -->
</testsuite> <!-- Test6 -->
