<?xml version="1.0" encoding="UTF-8"?>
<!-- Generated by org.testng.reporters.JUnitXMLReporter -->
<testsuite hostname="computer-PC" ignored="5" name="Test10" tests="1" failures="0" timestamp="11 Jun 2020 17:30:53 GMT" time="19.518" errors="0">
  <testcase name="searchPageDisplay" time="5.548" classname="com.bet.test.SearchBarTest"/>
  <testcase name="searchUsingEnterKeyTest" time="0.0" classname="com.bet.test.SearchBarTest">
    <ignored/>
  </testcase> <!-- searchUsingEnterKeyTest -->
  <testcase name="emptyStringTest" time="0.0" classname="com.bet.test.SearchBarTest">
    <ignored/>
  </testcase> <!-- emptyStringTest -->
  <testcase name="invalidInputTest" time="0.0" classname="com.bet.test.SearchBarTest">
    <ignored/>
  </testcase> <!-- invalidInputTest -->
  <testcase name="searchUsingSuggestion" time="0.0" classname="com.bet.test.SearchBarTest">
    <ignored/>
  </testcase> <!-- searchUsingSuggestion -->
  <testcase name="searchResultDisplay" time="0.0" classname="com.bet.test.SearchBarTest">
    <ignored/>
  </testcase> <!-- searchResultDisplay -->
</testsuite> <!-- Test10 -->
