<?xml version="1.0" encoding="UTF-8"?>
<!-- Generated by org.testng.reporters.JUnitXMLReporter -->
<testsuite hostname="computer-PC" ignored="4" name="Test7" tests="1" failures="0" timestamp="11 Jun 2020 17:29:55 GMT" time="19.557" errors="0">
  <testcase name="celebs_News" time="5.887" classname="com.bet.test.CelebsTest"/>
  <testcase name="celebs_AllCelebs" time="0.0" classname="com.bet.test.CelebsTest">
    <ignored/>
  </testcase> <!-- celebs_AllCelebs -->
  <testcase name="celebs_Exclusives" time="0.0" classname="com.bet.test.CelebsTest">
    <ignored/>
  </testcase> <!-- celebs_Exclusives -->
  <testcase name="celebs_Movies" time="0.0" classname="com.bet.test.CelebsTest">
    <ignored/>
  </testcase> <!-- celebs_Movies -->
  <testcase name="celebs_TvShows" time="0.0" classname="com.bet.test.CelebsTest">
    <ignored/>
  </testcase> <!-- celebs_TvShows -->
</testsuite> <!-- Test7 -->
