<?xml version="1.0" encoding="UTF-8"?>
<!-- Generated by org.testng.reporters.JUnitXMLReporter -->
<testsuite hostname="computer-PC" ignored="0" name="Test" tests="60" failures="0" timestamp="08 Jun 2020 06:48:40 GMT" time="1033.734" errors="0">
  <testcase name="covid19ReliefFund" time="20.616" classname="com.bet.test.Covid19ReliefFundTest"/>
  <testcase name="homePage" time="2.534" classname="com.bet.test.HomepageTest"/>
  <testcase name="news_ReclaimYourVote" time="2.693" classname="com.bet.test.NewsTest"/>
  <testcase name="shows_Preview" time="2.057" classname="com.bet.test.HomepageSectionPreviewTest"/>
  <testcase name="shows_SOS" time="3.09" classname="com.bet.test.ShowsTest"/>
  <testcase name="music_Amplified" time="2.709" classname="com.bet.test.MusicTest"/>
  <testcase name="videos_BetBuzz" time="2.615" classname="com.bet.test.VideosTest"/>
  <testcase name="celebs_News" time="2.519" classname="com.bet.test.CelebsTest"/>
  <testcase name="style_Videos" time="2.7" classname="com.bet.test.StyleTest"/>
  <testcase name="StreamExclusiveOriginals" time="6.746" classname="com.bet.test.BetPlusTest"/>
  <testcase name="searchPageDisplay" time="3.824" classname="com.bet.test.SearchBarTest"/>
  <testcase name="home_Shows" time="2.806" classname="com.bet.test.HomepageTest"/>
  <testcase name="news_Videos" time="3.119" classname="com.bet.test.NewsTest"/>
  <testcase name="Music_Preview" time="3.084" classname="com.bet.test.HomepageSectionPreviewTest"/>
  <testcase name="shows_TylerPerry" time="2.682" classname="com.bet.test.ShowsTest"/>
  <testcase name="music_RateTheBars" time="2.725" classname="com.bet.test.MusicTest"/>
  <testcase name="videos_106PARKMICCHECK" time="2.65" classname="com.bet.test.VideosTest"/>
  <testcase name="celebs_Movies" time="2.846" classname="com.bet.test.CelebsTest"/>
  <testcase name="style_Fashion" time="3.521" classname="com.bet.test.StyleTest"/>
  <testcase name="bet_GotoBetPlusButton" time="7.375" classname="com.bet.test.BetPlusTest"/>
  <testcase name="searchResultDisplay" time="2.972" classname="com.bet.test.SearchBarTest"/>
  <testcase name="home_Music" time="2.555" classname="com.bet.test.HomepageTest"/>
  <testcase name="news_Coronavirus" time="2.39" classname="com.bet.test.NewsTest"/>
  <testcase name="invalidInputTest" time="6.507" classname="com.bet.test.SearchBarTest"/>
  <testcase name="Videos_Preview" time="3.604" classname="com.bet.test.HomepageSectionPreviewTest"/>
  <testcase name="shows_AmericanSoul" time="2.872" classname="com.bet.test.ShowsTest"/>
  <testcase name="music_MusicNews" time="2.065" classname="com.bet.test.MusicTest"/>
  <testcase name="music_videos_TheGlamGapSeries" time="2.639" classname="com.bet.test.VideosTest"/>
  <testcase name="celebs_TvShows" time="3.15" classname="com.bet.test.CelebsTest"/>
  <testcase name="style_Beauty" time="2.943" classname="com.bet.test.StyleTest"/>
  <testcase name="home_Videos" time="2.179" classname="com.bet.test.HomepageTest"/>
  <testcase name="news_National" time="2.331" classname="com.bet.test.NewsTest"/>
  <testcase name="emptyStringTest" time="6.57" classname="com.bet.test.SearchBarTest"/>
  <testcase name="News_Preview" time="3.251" classname="com.bet.test.HomepageSectionPreviewTest"/>
  <testcase name="shows_BetAwards" time="2.519" classname="com.bet.test.ShowsTest"/>
  <testcase name="music_106PARKMICCHECK" time="2.436" classname="com.bet.test.MusicTest"/>
  <testcase name="videos_AllVideos" time="2.223" classname="com.bet.test.VideosTest"/>
  <testcase name="celebs_Exclusives" time="2.54" classname="com.bet.test.CelebsTest"/>
  <testcase name="style_Lifestyle" time="2.852" classname="com.bet.test.StyleTest"/>
  <testcase name="home_News" time="2.667" classname="com.bet.test.HomepageTest"/>
  <testcase name="news_Sports" time="2.628" classname="com.bet.test.NewsTest"/>
  <testcase name="searchUsingEnterKeyTest" time="4.1" classname="com.bet.test.SearchBarTest"/>
  <testcase name="Celebs_Preview" time="3.7" classname="com.bet.test.HomepageSectionPreviewTest"/>
  <testcase name="shows_FullEpisodes" time="2.605" classname="com.bet.test.ShowsTest"/>
  <testcase name="music_AllMusic" time="2.329" classname="com.bet.test.MusicTest"/>
  <testcase name="celebs_AllCelebs" time="2.066" classname="com.bet.test.CelebsTest"/>
  <testcase name="style_TheGlamGapSeries" time="2.648" classname="com.bet.test.StyleTest"/>
  <testcase name="home_Celebs" time="2.313" classname="com.bet.test.HomepageTest"/>
  <testcase name="news_ExclusiveInterviews" time="2.065" classname="com.bet.test.NewsTest"/>
  <testcase name="style_ExclusiveInterviews" time="2.367" classname="com.bet.test.StyleTest"/>
  <testcase name="searchUsingSuggestion" time="2.362" classname="com.bet.test.SearchBarTest"/>
  <testcase name="Style_Preview" time="4.103" classname="com.bet.test.HomepageSectionPreviewTest"/>
  <testcase name="shows_TvSchedule" time="2.188" classname="com.bet.test.ShowsTest"/>
  <testcase name="home_Style" time="2.479" classname="com.bet.test.HomepageTest"/>
  <testcase name="news_AllNews" time="2.573" classname="com.bet.test.NewsTest"/>
  <testcase name="celebs_style_AllStyle" time="2.438" classname="com.bet.test.StyleTest"/>
  <testcase name="BetPlus_Preview" time="3.703" classname="com.bet.test.HomepageSectionPreviewTest"/>
  <testcase name="shows_AllShows" time="2.848" classname="com.bet.test.ShowsTest"/>
  <testcase name="home_BetPlus" time="5.926" classname="com.bet.test.HomepageTest"/>
  <testcase name="home_LiveTV" time="2.244" classname="com.bet.test.HomepageTest"/>
</testsuite> <!-- Test -->
