<?xml version="1.0" encoding="UTF-8"?>
<!-- Generated by org.testng.reporters.JUnitXMLReporter -->
<testsuite hostname="computer-PC" ignored="4" name="Test4" tests="1" failures="0" timestamp="11 Jun 2020 17:28:57 GMT" time="16.049" errors="0">
  <testcase name="music_Amplified" time="1.824" classname="com.bet.test.MusicTest"/>
  <testcase name="music_106PARKMICCHECK" time="0.0" classname="com.bet.test.MusicTest">
    <ignored/>
  </testcase> <!-- music_106PARKMICCHECK -->
  <testcase name="music_RateTheBars" time="0.0" classname="com.bet.test.MusicTest">
    <ignored/>
  </testcase> <!-- music_RateTheBars -->
  <testcase name="music_MusicNews" time="0.0" classname="com.bet.test.MusicTest">
    <ignored/>
  </testcase> <!-- music_MusicNews -->
  <testcase name="music_AllMusic" time="0.0" classname="com.bet.test.MusicTest">
    <ignored/>
  </testcase> <!-- music_AllMusic -->
</testsuite> <!-- Test4 -->
